<?xml version="1.0" encoding="UTF-8"?>
<!-- Generated by org.testng.reporters.JUnitReportReporter -->
<testsuite hostname="Manas-Laptop" failures="0" tests="1" name="httpsRequest.HeadersDemo" time="6.253" errors="0" timestamp="2023-05-08T16:16:08 IST" skipped="0">
  <testcase classname="httpsRequest.HeadersDemo" name="getHeaders" time="6.253"/>
  <system-out/>
</testsuite> <!-- httpsRequest.HeadersDemo -->
