<?xml version="1.0" encoding="UTF-8"?>
<!-- Generated by org.testng.reporters.JUnitReportReporter -->
<testsuite hostname="Manas-Laptop" failures="0" tests="1" name="httpsRequest.CookiesDemo" time="3.790" errors="0" timestamp="2023-05-08T14:49:33 IST" skipped="0">
  <testcase classname="httpsRequest.CookiesDemo" name="getCookiesInfo" time="3.790"/>
  <system-out/>
</testsuite> <!-- httpsRequest.CookiesDemo -->
