<?xml version="1.0" encoding="UTF-8"?>
<!-- Generated by org.testng.reporters.JUnitReportReporter -->
<testsuite hostname="Manas-Laptop" failures="0" tests="4" name="httpsRequest.Day1" time="8.328" errors="0" timestamp="2023-05-05T15:08:58 IST" skipped="0">
  <testcase classname="httpsRequest.Day1" name="getUsers" time="5.130"/>
  <system-out/>
  <testcase classname="httpsRequest.Day1" name="createUser" time="1.639"/>
  <system-out/>
  <testcase classname="httpsRequest.Day1" name="updateUser" time="0.934"/>
  <system-out/>
  <testcase classname="httpsRequest.Day1" name="deleteUser" time="0.625"/>
  <system-out/>
</testsuite> <!-- httpsRequest.Day1 -->
