<?xml version="1.0" encoding="UTF-8"?>
<!-- Generated by org.testng.reporters.JUnitReportReporter -->
<testsuite hostname="Manas-Laptop" failures="0" tests="1" name="httpsRequest.PathAndQueryParameters" time="4.024" errors="0" timestamp="2023-05-08T13:44:15 IST" skipped="0">
  <testcase classname="httpsRequest.PathAndQueryParameters" name="testQueryAndPathParameters" time="4.024"/>
  <system-out/>
</testsuite> <!-- httpsRequest.PathAndQueryParameters -->
